Determining if the pthread_create exist failed with the following output:
Change Dir: /home/wanghui/rabbitmq/mycode/consume/build/CMakeFiles/CMakeTmp

Run Build Command:"/usr/bin/gmake" "cmTryCompileExec3334006747/fast"
/usr/bin/gmake -f CMakeFiles/cmTryCompileExec3334006747.dir/build.make CMakeFiles/cmTryCompileExec3334006747.dir/build
gmake[1]: Entering directory `/home/wanghui/rabbitmq/mycode/consume/build/CMakeFiles/CMakeTmp'
/usr/local/bin/cmake -E cmake_progress_report /home/wanghui/rabbitmq/mycode/consume/build/CMakeFiles/CMakeTmp/CMakeFiles 1
Building C object CMakeFiles/cmTryCompileExec3334006747.dir/CheckSymbolExists.c.o
/usr/local/bin/cc    -o CMakeFiles/cmTryCompileExec3334006747.dir/CheckSymbolExists.c.o   -c /home/wanghui/rabbitmq/mycode/consume/build/CMakeFiles/CMakeTmp/CheckSymbolExists.c
Linking C executable cmTryCompileExec3334006747
/usr/local/bin/cmake -E cmake_link_script CMakeFiles/cmTryCompileExec3334006747.dir/link.txt --verbose=1
/usr/local/bin/cc      CMakeFiles/cmTryCompileExec3334006747.dir/CheckSymbolExists.c.o  -o cmTryCompileExec3334006747 -rdynamic 
CMakeFiles/cmTryCompileExec3334006747.dir/CheckSymbolExists.c.o: In function `main':
CheckSymbolExists.c:(.text+0x16): undefined reference to `pthread_create'
collect2: error: ld returned 1 exit status
gmake[1]: *** [cmTryCompileExec3334006747] Error 1
gmake[1]: Leaving directory `/home/wanghui/rabbitmq/mycode/consume/build/CMakeFiles/CMakeTmp'
gmake: *** [cmTryCompileExec3334006747/fast] Error 2

File /home/wanghui/rabbitmq/mycode/consume/build/CMakeFiles/CMakeTmp/CheckSymbolExists.c:
/* */
#include <pthread.h>

int main(int argc, char** argv)
{
  (void)argv;
#ifndef pthread_create
  return ((int*)(&pthread_create))[argc];
#else
  (void)argc;
  return 0;
#endif
}

Determining if the function pthread_create exists in the pthreads failed with the following output:
Change Dir: /home/wanghui/rabbitmq/mycode/consume/build/CMakeFiles/CMakeTmp

Run Build Command:"/usr/bin/gmake" "cmTryCompileExec2132526901/fast"
/usr/bin/gmake -f CMakeFiles/cmTryCompileExec2132526901.dir/build.make CMakeFiles/cmTryCompileExec2132526901.dir/build
gmake[1]: Entering directory `/home/wanghui/rabbitmq/mycode/consume/build/CMakeFiles/CMakeTmp'
/usr/local/bin/cmake -E cmake_progress_report /home/wanghui/rabbitmq/mycode/consume/build/CMakeFiles/CMakeTmp/CMakeFiles 1
Building C object CMakeFiles/cmTryCompileExec2132526901.dir/CheckFunctionExists.c.o
/usr/local/bin/cc   -DCHECK_FUNCTION_EXISTS=pthread_create   -o CMakeFiles/cmTryCompileExec2132526901.dir/CheckFunctionExists.c.o   -c /usr/local/share/cmake-3.1/Modules/CheckFunctionExists.c
Linking C executable cmTryCompileExec2132526901
/usr/local/bin/cmake -E cmake_link_script CMakeFiles/cmTryCompileExec2132526901.dir/link.txt --verbose=1
/usr/local/bin/cc   -DCHECK_FUNCTION_EXISTS=pthread_create   CMakeFiles/cmTryCompileExec2132526901.dir/CheckFunctionExists.c.o  -o cmTryCompileExec2132526901 -rdynamic -lpthreads 
/usr/bin/ld: cannot find -lpthreads
collect2: error: ld returned 1 exit status
gmake[1]: *** [cmTryCompileExec2132526901] Error 1
gmake[1]: Leaving directory `/home/wanghui/rabbitmq/mycode/consume/build/CMakeFiles/CMakeTmp'
gmake: *** [cmTryCompileExec2132526901/fast] Error 2


